#
# There is insufficient memory for the Java Runtime Environment to continue.
# Native memory allocation (malloc) failed to allocate 1048576 bytes for AllocateHeap
# Possible reasons:
#   The system is out of physical RAM or swap space
#   The process is running with CompressedOops enabled, and the Java Heap may be blocking the growth of the native heap
# Possible solutions:
#   Reduce memory load on the system
#   Increase physical memory or swap space
#   Check if swap backing store is full
#   Decrease Java heap size (-Xmx/-Xms)
#   Decrease number of Java threads
#   Decrease Java thread stack sizes (-Xss)
#   Set larger code cache with -XX:ReservedCodeCacheSize=
#   JVM is running with Zero Based Compressed Oops mode in which the Java heap is
#     placed in the first 32GB address space. The Java Heap base address is the
#     maximum limit for the native heap growth. Please use -XX:HeapBaseMinAddress
#     to set the Java Heap base and to place the Java Heap above 32GB virtual address.
# This output file may be truncated or incomplete.
#
#  Out of Memory Error (allocation.cpp:44), pid=12972, tid=13432
#
# JRE version: OpenJDK Runtime Environment Temurin-17.0.2+8 (17.0.2+8) (build 17.0.2+8)
# Java VM: OpenJDK 64-Bit Server VM Temurin-17.0.2+8 (17.0.2+8, mixed mode, emulated-client, tiered, compressed oops, compressed class ptrs, g1 gc, windows-amd64)
# No core dump will be written. Minidumps are not enabled by default on client versions of Windows
#

---------------  S U M M A R Y ------------

Command Line: -Dsts.lsp.client=vscode -Dsts.log.file=/dev/null -XX:TieredStopAtLevel=1 -Dspring.config.location=file:c:\Users\1111\.vscode\extensions\pivotal.vscode-spring-boot-1.32.0\language-server\BOOT-INF\classes\application.properties org.springframework.ide.vscode.boot.app.BootLanguageServerBootApp

Host: Intel(R) Core(TM) i3-9100F CPU @ 3.60GHz, 4 cores, 15G,  Windows 10 , 64 bit Build 15063 (10.0.15063.1058)
Time: Fri Apr  1 09:17:01 2022 RTZ 2 (зима) elapsed time: 3087.253795 seconds (0d 0h 51m 27s)

---------------  T H R E A D  ---------------

Current thread (0x000001ff310724c0):  VMThread "VM Thread" [stack: 0x0000000c91e00000,0x0000000c91f00000] [id=13432]

Stack: [0x0000000c91e00000,0x0000000c91f00000]
Native frames: (J=compiled Java code, j=interpreted, Vv=VM code, C=native code)
V  [jvm.dll+0x67564a]
V  [jvm.dll+0x82fc04]
V  [jvm.dll+0x8313ae]
V  [jvm.dll+0x831a13]
V  [jvm.dll+0x245235]
V  [jvm.dll+0xa6393]
V  [jvm.dll+0x2f5233]
V  [jvm.dll+0x2f0f70]
V  [jvm.dll+0x2d96c7]
V  [jvm.dll+0x31c6b7]
V  [jvm.dll+0x835ebb]
V  [jvm.dll+0x836bf4]
V  [jvm.dll+0x83710c]
V  [jvm.dll+0x8374e4]
V  [jvm.dll+0x8375b0]
V  [jvm.dll+0x7dff2a]
V  [jvm.dll+0x6744d5]
C  [ucrtbase.dll+0x20279]
C  [KERNEL32.DLL+0x12784]
C  [ntdll.dll+0x50c31]

VM_Operation (0x0000000c931fee60): G1CollectFull, mode: safepoint, requested by thread 0x000001ff34392030


---------------  P R O C E S S  ---------------

Threads class SMR info:
_java_thread_list=0x000001ff344b8770, length=19, elements={
0x000001ff31078430, 0x000001ff31079a90, 0x000001ff31c1d930, 0x000001ff31c1f5c0,
0x000001ff31c4c010, 0x000001ff31c4f480, 0x000001ff31c504e0, 0x000001ff31c57a20,
0x000001ff31d9a4b0, 0x000001ff31da8940, 0x000001ff34392030, 0x000001ff343b9410,
0x000001ff1f93e920, 0x000001ff3437ca90, 0x000001ff34295b10, 0x000001ff3417ad80,
0x000001ff344b3a30, 0x000001ff34622880, 0x000001ff34623220
}

Java Threads: ( => current thread )
  0x000001ff31078430 JavaThread "Reference Handler" daemon [_thread_blocked, id=14752, stack(0x0000000c91f00000,0x0000000c92000000)]
  0x000001ff31079a90 JavaThread "Finalizer" daemon [_thread_blocked, id=812, stack(0x0000000c92000000,0x0000000c92100000)]
  0x000001ff31c1d930 JavaThread "Signal Dispatcher" daemon [_thread_blocked, id=8340, stack(0x0000000c92100000,0x0000000c92200000)]
  0x000001ff31c1f5c0 JavaThread "Attach Listener" daemon [_thread_blocked, id=7888, stack(0x0000000c92200000,0x0000000c92300000)]
  0x000001ff31c4c010 JavaThread "Service Thread" daemon [_thread_blocked, id=6016, stack(0x0000000c92300000,0x0000000c92400000)]
  0x000001ff31c4f480 JavaThread "Monitor Deflation Thread" daemon [_thread_blocked, id=5296, stack(0x0000000c92400000,0x0000000c92500000)]
  0x000001ff31c504e0 JavaThread "C1 CompilerThread0" daemon [_thread_blocked, id=13896, stack(0x0000000c92500000,0x0000000c92600000)]
  0x000001ff31c57a20 JavaThread "Sweeper thread" daemon [_thread_blocked, id=2528, stack(0x0000000c92600000,0x0000000c92700000)]
  0x000001ff31d9a4b0 JavaThread "Notification Thread" daemon [_thread_blocked, id=15196, stack(0x0000000c92900000,0x0000000c92a00000)]
  0x000001ff31da8940 JavaThread "Common-Cleaner" daemon [_thread_blocked, id=8464, stack(0x0000000c92b00000,0x0000000c92c00000)]
  0x000001ff34392030 JavaThread "pool-5-thread-1" [_thread_blocked, id=9352, stack(0x0000000c93100000,0x0000000c93200000)]
  0x000001ff343b9410 JavaThread "LanguageServerApp-lifecycle" [_thread_blocked, id=6980, stack(0x0000000c93200000,0x0000000c93300000)]
  0x000001ff1f93e920 JavaThread "DestroyJavaVM" [_thread_blocked, id=12412, stack(0x0000000c91800000,0x0000000c91900000)]
  0x000001ff3437ca90 JavaThread "pool-6-thread-1" [_thread_in_native, id=11396, stack(0x0000000c93300000,0x0000000c93400000)]
  0x000001ff34295b10 JavaThread "Simple-Language-Server main thread" daemon [_thread_blocked, id=11812, stack(0x0000000c93400000,0x0000000c93500000)]
  0x000001ff3417ad80 JavaThread "pool-7-thread-1" [_thread_blocked, id=6500, stack(0x0000000c93500000,0x0000000c93600000)]
  0x000001ff344b3a30 JavaThread "parallel-1" daemon [_thread_blocked, id=5020, stack(0x0000000c93900000,0x0000000c93a00000)]
  0x000001ff34622880 JavaThread "pool-2-thread-1" [_thread_blocked, id=10636, stack(0x0000000c93a00000,0x0000000c93b00000)]
  0x000001ff34623220 JavaThread "Reconciler-1" [_thread_blocked, id=8648, stack(0x0000000c93d00000,0x0000000c93e00000)]

Other Threads:
=>0x000001ff310724c0 VMThread "VM Thread" [stack: 0x0000000c91e00000,0x0000000c91f00000] [id=13432]
  0x000001ff31d9c990 WatcherThread [stack: 0x0000000c92a00000,0x0000000c92b00000] [id=7768]
  0x000001ff1f98e9f0 GCTaskThread "GC Thread#0" [stack: 0x0000000c91900000,0x0000000c91a00000] [id=4736]
  0x000001ff324296d0 GCTaskThread "GC Thread#1" [stack: 0x0000000c92c00000,0x0000000c92d00000] [id=10536]
  0x000001ff32429980 GCTaskThread "GC Thread#2" [stack: 0x0000000c92d00000,0x0000000c92e00000] [id=2020]
  0x000001ff32429c30 GCTaskThread "GC Thread#3" [stack: 0x0000000c92e00000,0x0000000c92f00000] [id=10936]
  0x000001ff1f99f7f0 ConcurrentGCThread "G1 Main Marker" [stack: 0x0000000c91a00000,0x0000000c91b00000] [id=11096]
  0x000001ff1f9a1120 ConcurrentGCThread "G1 Conc#0" [stack: 0x0000000c91b00000,0x0000000c91c00000] [id=14920]
  0x000001ff30ee20c0 ConcurrentGCThread "G1 Refine#0" [stack: 0x0000000c91c00000,0x0000000c91d00000] [id=9524]
  0x000001ff30ee29f0 ConcurrentGCThread "G1 Service" [stack: 0x0000000c91d00000,0x0000000c91e00000] [id=8788]

Threads with active compile tasks:

VM state: at safepoint (normal execution)

VM Mutex/Monitor currently owned by a thread:  ([mutex/lock_event])
[0x000001ff1f93bea0] Threads_lock - owner thread: 0x000001ff310724c0
[0x000001ff1f93c3b0] Heap_lock - owner thread: 0x000001ff34392030

Heap address: 0x0000000700c00000, size: 4084 MB, Compressed Oops mode: Zero based, Oop shift amount: 3

CDS archive(s) not mapped
Compressed class space mapped at: 0x0000000800000000-0x0000000840000000, reserved size: 1073741824
Narrow klass base: 0x0000000800000000, Narrow klass shift: 0, Narrow klass range: 0x40000000

GC Precious Log:
 CPUs: 4 total, 4 available
 Memory: 16332M
 Large Page Support: Disabled
 NUMA Support: Disabled
 Compressed Oops: Enabled (Zero based)
 Heap Region Size: 2M
 Heap Min Capacity: 8M
 Heap Initial Capacity: 256M
 Heap Max Capacity: 4084M
 Pre-touch: Disabled
 Parallel Workers: 4
 Concurrent Workers: 1
 Concurrent Refinement Workers: 4
 Periodic GC: Disabled

Heap:
 garbage-first heap   total 40960K, used 13046K [0x0000000700c00000, 0x0000000800000000)
  region size 2048K, 2 young (4096K), 0 survivors (0K)
 Metaspace       used 32298K, committed 32640K, reserved 1081344K
  class space    used 4220K, committed 4352K, reserved 1048576K

Heap Regions: E=young(eden), S=young(survivor), O=old, HS=humongous(starts), HC=humongous(continues), CS=collection set, F=free, OA=open archive, CA=closed archive, TAMS=top-at-mark-start (previous, next)
|   0|0x0000000700c00000, 0x0000000700e00000, 0x0000000700e00000|100%| O|  |TAMS 0x0000000700e00000, 0x0000000700c00000| Untracked 
|   1|0x0000000700e00000, 0x0000000700ffffe0, 0x0000000701000000| 99%| O|  |TAMS 0x0000000700ffffe0, 0x0000000700e00000| Untracked 
|   2|0x0000000701000000, 0x00000007011fffd8, 0x0000000701200000| 99%| O|  |TAMS 0x00000007011fffd8, 0x0000000701000000| Untracked 
|   3|0x0000000701200000, 0x00000007013fffb0, 0x0000000701400000| 99%| O|  |TAMS 0x00000007013fffb0, 0x0000000701200000| Untracked 
|   4|0x0000000701400000, 0x00000007015fff98, 0x0000000701600000| 99%| O|  |TAMS 0x00000007015fff98, 0x0000000701400000| Untracked 
|   5|0x0000000701600000, 0x00000007017fffe8, 0x0000000701800000| 99%| O|  |TAMS 0x00000007017fffe8, 0x0000000701600000| Untracked 
|   6|0x0000000701800000, 0x000000070186c2e8, 0x0000000701a00000| 21%| O|  |TAMS 0x0000000701800000, 0x0000000701800000| Untracked 
|   7|0x0000000701a00000, 0x0000000701a517d8, 0x0000000701c00000| 15%| O|  |TAMS 0x0000000701a00000, 0x0000000701a00000| Untracked 
|   8|0x0000000701c00000, 0x0000000701c00000, 0x0000000701e00000|  0%| F|  |TAMS 0x0000000701c00000, 0x0000000701c00000| Untracked 
|   9|0x0000000701e00000, 0x0000000701e00000, 0x0000000702000000|  0%| F|  |TAMS 0x0000000701e00000, 0x0000000701e00000| Untracked 
|  10|0x0000000702000000, 0x0000000702000000, 0x0000000702200000|  0%| F|  |TAMS 0x0000000702000000, 0x0000000702000000| Untracked 
|  11|0x0000000702200000, 0x0000000702200000, 0x0000000702400000|  0%| F|  |TAMS 0x0000000702200000, 0x0000000702200000| Untracked 
|  12|0x0000000702400000, 0x0000000702400000, 0x0000000702600000|  0%| F|  |TAMS 0x0000000702400000, 0x0000000702400000| Untracked 
|  13|0x0000000702600000, 0x0000000702600000, 0x0000000702800000|  0%| F|  |TAMS 0x0000000702600000, 0x0000000702600000| Untracked 
|  14|0x0000000702800000, 0x0000000702800000, 0x0000000702a00000|  0%| F|  |TAMS 0x0000000702800000, 0x0000000702800000| Untracked 
|  15|0x0000000702a00000, 0x0000000702a00000, 0x0000000702c00000|  0%| F|  |TAMS 0x0000000702a00000, 0x0000000702a00000| Untracked 
| 118|0x000000070f800000, 0x000000070f800000, 0x000000070fa00000|  0%| F|  |TAMS 0x000000070f800000, 0x000000070f800000| Untracked 
| 119|0x000000070fa00000, 0x000000070fa00000, 0x000000070fc00000|  0%| F|  |TAMS 0x000000070fa00000, 0x000000070fa00000| Untracked 
| 120|0x000000070fc00000, 0x000000070fcf99b0, 0x000000070fe00000| 48%| E|  |TAMS 0x000000070fc00000, 0x000000070fc00000| Complete 
| 127|0x0000000710a00000, 0x0000000710c00000, 0x0000000710c00000|100%| E|  |TAMS 0x0000000710a00000, 0x0000000710a00000| Complete 

Card table byte_map: [0x000001ff25dc0000,0x000001ff265c0000] _byte_map_base: 0x000001ff225ba000

Marking Bits (Prev, Next): (CMBitMap*) 0x000001ff1f98ef10, (CMBitMap*) 0x000001ff1f98ef50
 Prev Bits: [0x000001ff26dc0000, 0x000001ff2ad90000)
 Next Bits: [0x000001ff2ad90000, 0x000001ff2ed60000)

Polling page: 0x000001ff1d780000

Metaspace:

Usage:
  Non-class:     27.42 MB used.
      Class:      4.12 MB used.
       Both:     31.54 MB used.

Virtual space:
  Non-class space:       32.00 MB reserved,      27.63 MB ( 86%) committed,  4 nodes.
      Class space:        1.00 GB reserved,       4.25 MB ( <1%) committed,  1 nodes.
             Both:        1.03 GB reserved,      31.88 MB (  3%) committed. 

Chunk freelists:
   Non-Class:  46.00 KB
       Class:  3.80 MB
        Both:  3.85 MB

MaxMetaspaceSize: unlimited
CompressedClassSpaceSize: 1.00 GB
Initial GC threshold: 21.00 MB
Current GC threshold: 53.13 MB
CDS: off
MetaspaceReclaimPolicy: balanced
 - commit_granule_bytes: 65536.
 - commit_granule_words: 8192.
 - virtual_space_node_default_size: 1048576.
 - enlarge_chunks_in_place: 1.
 - new_chunks_are_fully_committed: 0.
 - uncommit_free_chunks: 1.
 - use_allocation_guard: 0.
 - handle_deallocations: 1.


Internal statistics:

num_allocs_failed_limit: 3.
num_arena_births: 396.
num_arena_deaths: 152.
num_vsnodes_births: 5.
num_vsnodes_deaths: 0.
num_space_committed: 510.
num_space_uncommitted: 0.
num_chunks_returned_to_freelist: 161.
num_chunks_taken_from_freelist: 1383.
num_chunk_merges: 49.
num_chunk_splits: 876.
num_chunks_enlarged: 639.
num_purges: 6.
num_inconsistent_stats: 0.

CodeCache: size=49152Kb used=7415Kb max_used=8461Kb free=41736Kb
 bounds [0x000001ff225c0000, 0x000001ff22e20000, 0x000001ff255c0000]
 total_blobs=4410 nmethods=3910 adapters=426
 compilation: enabled
              stopped_count=0, restarted_count=0
 full_count=0

Compilation events (20 events):
Event: 2760.772 Thread 0x000001ff31c504e0 3911       1       java.lang.ProcessEnvironment::toEnvironmentBlock (16 bytes)
Event: 2760.772 Thread 0x000001ff31c504e0 nmethod 3911 0x000001ff226d2f90 code [0x000001ff226d3120, 0x000001ff226d3248]
Event: 2760.772 Thread 0x000001ff31c504e0 3912   !   1       java.lang.ProcessImpl::<init> (327 bytes)
Event: 2760.780 Thread 0x000001ff31c504e0 nmethod 3912 0x000001ff226d0a10 code [0x000001ff226d0e20, 0x000001ff226d2188]
Event: 2760.781 Thread 0x000001ff31c504e0 3913       1       java.lang.Process::<init> (5 bytes)
Event: 2760.781 Thread 0x000001ff31c504e0 nmethod 3913 0x000001ff226d0710 code [0x000001ff226d08a0, 0x000001ff226d0958]
Event: 2760.781 Thread 0x000001ff31c504e0 3915       1       java.lang.invoke.LambdaForm$DMH/0x0000000800434800::newInvokeSpecial (23 bytes)
Event: 2760.781 Thread 0x000001ff31c504e0 nmethod 3915 0x000001ff226d0210 code [0x000001ff226d03c0, 0x000001ff226d0568]
Event: 2760.931 Thread 0x000001ff31c504e0 3916   !   1       java.io.FilterOutputStream::close (183 bytes)
Event: 2760.931 Thread 0x000001ff31c504e0 nmethod 3916 0x000001ff226cf490 code [0x000001ff226cf6a0, 0x000001ff226cfb98]
Event: 2760.945 Thread 0x000001ff31c504e0 3917   !   1       java.io.FileOutputStream::close (69 bytes)
Event: 2760.946 Thread 0x000001ff31c504e0 nmethod 3917 0x000001ff226cea10 code [0x000001ff226cebe0, 0x000001ff226cef58]
Event: 2760.946 Thread 0x000001ff31c504e0 3918       1       java.io.FileOutputStream$1::<init> (10 bytes)
Event: 2760.946 Thread 0x000001ff31c504e0 nmethod 3918 0x000001ff226ce710 code [0x000001ff226ce8a0, 0x000001ff226ce9b8]
Event: 2760.946 Thread 0x000001ff31c504e0 3919       1       java.io.FileOutputStream$1::close (11 bytes)
Event: 2760.948 Thread 0x000001ff31c504e0 nmethod 3919 0x000001ff226ce090 code [0x000001ff226ce240, 0x000001ff226ce558]
Event: 2760.948 Thread 0x000001ff31c504e0 3921       1       java.lang.ProcessImpl$$Lambda$493/0x000000080023d438::run (8 bytes)
Event: 2760.948 Thread 0x000001ff31c504e0 nmethod 3921 0x000001ff226cdd90 code [0x000001ff226cdf20, 0x000001ff226ce008]
Event: 2760.948 Thread 0x000001ff31c504e0 3922       1       java.lang.ProcessImpl::lambda$new$0 (6 bytes)
Event: 2760.948 Thread 0x000001ff31c504e0 nmethod 3922 0x000001ff226cda90 code [0x000001ff226cdc20, 0x000001ff226cdce8]

GC Heap History (20 events):
Event: 2984.740 GC heap before
{Heap before GC invocations=289 (full 277):
 garbage-first heap   total 40960K, used 13045K [0x0000000700c00000, 0x0000000800000000)
  region size 2048K, 2 young (4096K), 0 survivors (0K)
 Metaspace       used 32298K, committed 32640K, reserved 1081344K
  class space    used 4220K, committed 4352K, reserved 1048576K
}
Event: 2984.754 GC heap after
{Heap after GC invocations=290 (full 278):
 garbage-first heap   total 40960K, used 13045K [0x0000000700c00000, 0x0000000800000000)
  region size 2048K, 0 young (0K), 0 survivors (0K)
 Metaspace       used 32298K, committed 32640K, reserved 1081344K
  class space    used 4220K, committed 4352K, reserved 1048576K
}
Event: 2994.908 GC heap before
{Heap before GC invocations=290 (full 278):
 garbage-first heap   total 40960K, used 13045K [0x0000000700c00000, 0x0000000800000000)
  region size 2048K, 2 young (4096K), 0 survivors (0K)
 Metaspace       used 32298K, committed 32640K, reserved 1081344K
  class space    used 4220K, committed 4352K, reserved 1048576K
}
Event: 2994.922 GC heap after
{Heap after GC invocations=291 (full 279):
 garbage-first heap   total 40960K, used 13045K [0x0000000700c00000, 0x0000000800000000)
  region size 2048K, 0 young (0K), 0 survivors (0K)
 Metaspace       used 32298K, committed 32640K, reserved 1081344K
  class space    used 4220K, committed 4352K, reserved 1048576K
}
Event: 3005.081 GC heap before
{Heap before GC invocations=291 (full 279):
 garbage-first heap   total 40960K, used 13045K [0x0000000700c00000, 0x0000000800000000)
  region size 2048K, 2 young (4096K), 0 survivors (0K)
 Metaspace       used 32298K, committed 32640K, reserved 1081344K
  class space    used 4220K, committed 4352K, reserved 1048576K
}
Event: 3005.094 GC heap after
{Heap after GC invocations=292 (full 280):
 garbage-first heap   total 40960K, used 13045K [0x0000000700c00000, 0x0000000800000000)
  region size 2048K, 0 young (0K), 0 survivors (0K)
 Metaspace       used 32298K, committed 32640K, reserved 1081344K
  class space    used 4220K, committed 4352K, reserved 1048576K
}
Event: 3015.250 GC heap before
{Heap before GC invocations=292 (full 280):
 garbage-first heap   total 40960K, used 13045K [0x0000000700c00000, 0x0000000800000000)
  region size 2048K, 2 young (4096K), 0 survivors (0K)
 Metaspace       used 32298K, committed 32640K, reserved 1081344K
  class space    used 4220K, committed 4352K, reserved 1048576K
}
Event: 3015.264 GC heap after
{Heap after GC invocations=293 (full 281):
 garbage-first heap   total 40960K, used 13045K [0x0000000700c00000, 0x0000000800000000)
  region size 2048K, 0 young (0K), 0 survivors (0K)
 Metaspace       used 32298K, committed 32640K, reserved 1081344K
  class space    used 4220K, committed 4352K, reserved 1048576K
}
Event: 3025.433 GC heap before
{Heap before GC invocations=293 (full 281):
 garbage-first heap   total 40960K, used 13045K [0x0000000700c00000, 0x0000000800000000)
  region size 2048K, 2 young (4096K), 0 survivors (0K)
 Metaspace       used 32298K, committed 32640K, reserved 1081344K
  class space    used 4220K, committed 4352K, reserved 1048576K
}
Event: 3025.447 GC heap after
{Heap after GC invocations=294 (full 282):
 garbage-first heap   total 40960K, used 13045K [0x0000000700c00000, 0x0000000800000000)
  region size 2048K, 0 young (0K), 0 survivors (0K)
 Metaspace       used 32298K, committed 32640K, reserved 1081344K
  class space    used 4220K, committed 4352K, reserved 1048576K
}
Event: 3035.606 GC heap before
{Heap before GC invocations=294 (full 282):
 garbage-first heap   total 40960K, used 13045K [0x0000000700c00000, 0x0000000800000000)
  region size 2048K, 2 young (4096K), 0 survivors (0K)
 Metaspace       used 32298K, committed 32640K, reserved 1081344K
  class space    used 4220K, committed 4352K, reserved 1048576K
}
Event: 3035.619 GC heap after
{Heap after GC invocations=295 (full 283):
 garbage-first heap   total 40960K, used 13045K [0x0000000700c00000, 0x0000000800000000)
  region size 2048K, 0 young (0K), 0 survivors (0K)
 Metaspace       used 32298K, committed 32640K, reserved 1081344K
  class space    used 4220K, committed 4352K, reserved 1048576K
}
Event: 3045.779 GC heap before
{Heap before GC invocations=295 (full 283):
 garbage-first heap   total 40960K, used 13045K [0x0000000700c00000, 0x0000000800000000)
  region size 2048K, 2 young (4096K), 0 survivors (0K)
 Metaspace       used 32298K, committed 32640K, reserved 1081344K
  class space    used 4220K, committed 4352K, reserved 1048576K
}
Event: 3045.795 GC heap after
{Heap after GC invocations=296 (full 284):
 garbage-first heap   total 40960K, used 13045K [0x0000000700c00000, 0x0000000800000000)
  region size 2048K, 0 young (0K), 0 survivors (0K)
 Metaspace       used 32298K, committed 32640K, reserved 1081344K
  class space    used 4220K, committed 4352K, reserved 1048576K
}
Event: 3055.950 GC heap before
{Heap before GC invocations=296 (full 284):
 garbage-first heap   total 40960K, used 13045K [0x0000000700c00000, 0x0000000800000000)
  region size 2048K, 2 young (4096K), 0 survivors (0K)
 Metaspace       used 32298K, committed 32640K, reserved 1081344K
  class space    used 4220K, committed 4352K, reserved 1048576K
}
Event: 3055.963 GC heap after
{Heap after GC invocations=297 (full 285):
 garbage-first heap   total 40960K, used 13045K [0x0000000700c00000, 0x0000000800000000)
  region size 2048K, 0 young (0K), 0 survivors (0K)
 Metaspace       used 32298K, committed 32640K, reserved 1081344K
  class space    used 4220K, committed 4352K, reserved 1048576K
}
Event: 3066.140 GC heap before
{Heap before GC invocations=297 (full 285):
 garbage-first heap   total 40960K, used 13045K [0x0000000700c00000, 0x0000000800000000)
  region size 2048K, 2 young (4096K), 0 survivors (0K)
 Metaspace       used 32298K, committed 32640K, reserved 1081344K
  class space    used 4220K, committed 4352K, reserved 1048576K
}
Event: 3066.154 GC heap after
{Heap after GC invocations=298 (full 286):
 garbage-first heap   total 40960K, used 13045K [0x0000000700c00000, 0x0000000800000000)
  region size 2048K, 0 young (0K), 0 survivors (0K)
 Metaspace       used 32298K, committed 32640K, reserved 1081344K
  class space    used 4220K, committed 4352K, reserved 1048576K
}
Event: 3076.534 GC heap before
{Heap before GC invocations=298 (full 286):
 garbage-first heap   total 40960K, used 15093K [0x0000000700c00000, 0x0000000800000000)
  region size 2048K, 3 young (6144K), 0 survivors (0K)
 Metaspace       used 32298K, committed 32640K, reserved 1081344K
  class space    used 4220K, committed 4352K, reserved 1048576K
}
Event: 3076.549 GC heap after
{Heap after GC invocations=299 (full 287):
 garbage-first heap   total 40960K, used 13046K [0x0000000700c00000, 0x0000000800000000)
  region size 2048K, 0 young (0K), 0 survivors (0K)
 Metaspace       used 32298K, committed 32640K, reserved 1081344K
  class space    used 4220K, committed 4352K, reserved 1048576K
}

Deoptimization events (14 events):
Event: 1.840 Thread 0x000001ff1f93e920 DEOPT PACKING pc=0x000001ff22933501 sp=0x0000000c918fd950
Event: 1.840 Thread 0x000001ff1f93e920 DEOPT UNPACKING pc=0x000001ff22612b43 sp=0x0000000c918fcdc0 mode 3
Event: 2.382 Thread 0x000001ff1f93e920 DEOPT PACKING pc=0x000001ff22a37179 sp=0x0000000c918fd100
Event: 2.382 Thread 0x000001ff1f93e920 DEOPT UNPACKING pc=0x000001ff22612b43 sp=0x0000000c918fc5e0 mode 3
Event: 2.842 Thread 0x000001ff1f93e920 DEOPT PACKING pc=0x000001ff22af5081 sp=0x0000000c918fdf90
Event: 2.842 Thread 0x000001ff1f93e920 DEOPT UNPACKING pc=0x000001ff22612b43 sp=0x0000000c918fd400 mode 3
Event: 4.315 Thread 0x000001ff34295b10 DEOPT PACKING pc=0x000001ff22c3ffed sp=0x0000000c934fd840
Event: 4.315 Thread 0x000001ff34295b10 DEOPT UNPACKING pc=0x000001ff22612b43 sp=0x0000000c934fcd68 mode 3
Event: 4.517 Thread 0x000001ff3437ca90 DEOPT PACKING pc=0x000001ff22a48989 sp=0x0000000c933fdc40
Event: 4.517 Thread 0x000001ff3437ca90 DEOPT UNPACKING pc=0x000001ff22612b43 sp=0x0000000c933fd0d0 mode 3
Event: 4.969 Thread 0x000001ff34295b10 DEOPT PACKING pc=0x000001ff22a3541f sp=0x0000000c934ff380
Event: 4.969 Thread 0x000001ff34295b10 DEOPT UNPACKING pc=0x000001ff22612b43 sp=0x0000000c934fe7d8 mode 3
Event: 50.103 Thread 0x000001ff3437ca90 DEOPT PACKING pc=0x000001ff22b6b6d4 sp=0x0000000c933ff140
Event: 50.103 Thread 0x000001ff3437ca90 DEOPT UNPACKING pc=0x000001ff22612b43 sp=0x0000000c933fe5e8 mode 0

Classes unloaded (20 events):
Event: 94.606 Thread 0x000001ff310724c0 Unloading class 0x00000008002e0c00 'java/lang/invoke/LambdaForm$MH+0x00000008002e0c00'
Event: 94.606 Thread 0x000001ff310724c0 Unloading class 0x00000008002e2000 'java/lang/invoke/LambdaForm$MH+0x00000008002e2000'
Event: 94.606 Thread 0x000001ff310724c0 Unloading class 0x00000008002f1800 'java/lang/invoke/LambdaForm$MH+0x00000008002f1800'
Event: 94.606 Thread 0x000001ff310724c0 Unloading class 0x00000008002f2000 'java/lang/invoke/LambdaForm$MH+0x00000008002f2000'
Event: 94.606 Thread 0x000001ff310724c0 Unloading class 0x0000000800308400 'java/lang/invoke/LambdaForm$MH+0x0000000800308400'
Event: 94.606 Thread 0x000001ff310724c0 Unloading class 0x00000008003cd000 'java/lang/invoke/LambdaForm$MH+0x00000008003cd000'
Event: 94.606 Thread 0x000001ff310724c0 Unloading class 0x00000008003ef000 'java/lang/invoke/LambdaForm$MH+0x00000008003ef000'
Event: 94.606 Thread 0x000001ff310724c0 Unloading class 0x000000080042d400 'java/lang/invoke/LambdaForm$MH+0x000000080042d400'
Event: 94.607 Thread 0x000001ff310724c0 Unloading class 0x000000080042e400 'java/lang/invoke/LambdaForm$MH+0x000000080042e400'
Event: 94.607 Thread 0x000001ff310724c0 Unloading class 0x00000008003d9400 'java/lang/invoke/LambdaForm$MH+0x00000008003d9400'
Event: 94.607 Thread 0x000001ff310724c0 Unloading class 0x00000008003d9000 'java/lang/invoke/LambdaForm$MH+0x00000008003d9000'
Event: 94.607 Thread 0x000001ff310724c0 Unloading class 0x00000008003d8c00 'java/lang/invoke/LambdaForm$MH+0x00000008003d8c00'
Event: 94.607 Thread 0x000001ff310724c0 Unloading class 0x00000008003d8800 'java/lang/invoke/LambdaForm$MH+0x00000008003d8800'
Event: 94.607 Thread 0x000001ff310724c0 Unloading class 0x00000008003d8400 'java/lang/invoke/LambdaForm$MH+0x00000008003d8400'
Event: 94.607 Thread 0x000001ff310724c0 Unloading class 0x00000008003d8000 'java/lang/invoke/LambdaForm$MH+0x00000008003d8000'
Event: 94.607 Thread 0x000001ff310724c0 Unloading class 0x00000008002e1400 'java/lang/invoke/LambdaForm$MH+0x00000008002e1400'
Event: 514.366 Thread 0x000001ff310724c0 Unloading class 0x00000008002f1800 'java/lang/invoke/LambdaForm$MH+0x00000008002f1800'
Event: 514.366 Thread 0x000001ff310724c0 Unloading class 0x00000008002e2000 'java/lang/invoke/LambdaForm$MH+0x00000008002e2000'
Event: 514.366 Thread 0x000001ff310724c0 Unloading class 0x00000008002e0c00 'java/lang/invoke/LambdaForm$MH+0x00000008002e0c00'
Event: 514.366 Thread 0x000001ff310724c0 Unloading class 0x0000000800434000 'jdk/internal/reflect/GeneratedConstructorAccessor13'

Classes redefined (0 events):
No events

Internal exceptions (20 events):
Event: 3.106 Thread 0x000001ff1f93e920 Exception <a 'java/lang/NoSuchMethodError'{0x0000000702296a90}: 'java.lang.Object java.lang.invoke.DirectMethodHandle$Holder.newInvokeSpecial(java.lang.Object, java.lang.Object, java.lang.Object, int, java.lang.Object)'> (0x0000000702296a90) 
thrown [e:\jenkins\tmp\workspace\build\src\src\hotspot\share\interpreter\linkResolver.cpp, line 766]
Event: 3.108 Thread 0x000001ff1f93e920 Exception <a 'java/lang/NoSuchMethodError'{0x00000007022aad18}: 'void java.lang.invoke.DirectMethodHandle$Holder.invokeSpecialIFC(java.lang.Object, java.lang.Object, java.lang.Object)'> (0x00000007022aad18) 
thrown [e:\jenkins\tmp\workspace\build\src\src\hotspot\share\interpreter\linkResolver.cpp, line 766]
Event: 3.505 Thread 0x000001ff1f93e920 Exception <a 'java/lang/NoSuchMethodError'{0x0000000710b6c820}: 'void java.lang.invoke.DirectMethodHandle$Holder.invokeVirtual(java.lang.Object, java.lang.Object)'> (0x0000000710b6c820) 
thrown [e:\jenkins\tmp\workspace\build\src\src\hotspot\share\interpreter\linkResolver.cpp, line 766]
Event: 3.691 Thread 0x000001ff1f93e920 Exception <a 'java/lang/NoSuchMethodError'{0x000000070fa3a6a0}: 'int java.lang.invoke.DirectMethodHandle$Holder.invokeSpecial(java.lang.Object, java.lang.Object, java.lang.Object, java.lang.Object, java.lang.Object)'> (0x000000070fa3a6a0) 
thrown [e:\jenkins\tmp\workspace\build\src\src\hotspot\share\interpreter\linkResolver.cpp, line 766]
Event: 4.042 Thread 0x000001ff1f93e920 Exception <a 'java/lang/IncompatibleClassChangeError'{0x000000070f8559f0}: Found class java.lang.Object, but interface was expected> (0x000000070f8559f0) 
thrown [e:\jenkins\tmp\workspace\build\src\src\hotspot\share\interpreter\linkResolver.cpp, line 833]
Event: 4.046 Thread 0x000001ff1f93e920 Exception <a 'java/lang/NoSuchMethodError'{0x000000070f88e4c8}: 'java.lang.Object java.lang.invoke.DirectMethodHandle$Holder.invokeVirtual(java.lang.Object, java.lang.Object, java.lang.Object, java.lang.Object)'> (0x000000070f88e4c8) 
thrown [e:\jenkins\tmp\workspace\build\src\src\hotspot\share\interpreter\linkResolver.cpp, line 766]
Event: 4.128 Thread 0x000001ff1f93e920 Exception <a 'java/lang/NoSuchMethodError'{0x0000000702adfa70}: 'java.lang.Object java.lang.invoke.DirectMethodHandle$Holder.newInvokeSpecial(java.lang.Object, java.lang.Object, int, java.lang.Object, java.lang.Object)'> (0x0000000702adfa70) 
thrown [e:\jenkins\tmp\workspace\build\src\src\hotspot\share\interpreter\linkResolver.cpp, line 766]
Event: 4.312 Thread 0x000001ff34295b10 Exception <a 'java/lang/NoSuchMethodError'{0x000000070fcabea8}: 'java.lang.Object java.lang.invoke.DirectMethodHandle$Holder.invokeStatic(java.lang.Object, int, java.lang.Object)'> (0x000000070fcabea8) 
thrown [e:\jenkins\tmp\workspace\build\src\src\hotspot\share\interpreter\linkResolver.cpp, line 766]
Event: 4.380 Thread 0x000001ff3417ad80 Exception <a 'java/lang/NoSuchMethodError'{0x000000070f928478}: 'java.lang.Object java.lang.invoke.DirectMethodHandle$Holder.invokeInterface(java.lang.Object, java.lang.Object, java.lang.Object)'> (0x000000070f928478) 
thrown [e:\jenkins\tmp\workspace\build\src\src\hotspot\share\interpreter\linkResolver.cpp, line 766]
Event: 4.387 Thread 0x000001ff344ad0d0 Exception <a 'java/lang/NoSuchMethodError'{0x0000000702ac31b8}: 'java.lang.Object java.lang.invoke.DirectMethodHandle$Holder.invokeStatic(java.lang.Object, java.lang.Object, long, java.lang.Object)'> (0x0000000702ac31b8) 
thrown [e:\jenkins\tmp\workspace\build\src\src\hotspot\share\interpreter\linkResolver.cpp, line 766]
Event: 4.387 Thread 0x000001ff344ad0d0 Exception <a 'java/lang/NoSuchMethodError'{0x0000000702ac6c50}: 'java.lang.Object java.lang.invoke.DirectMethodHandle$Holder.invokeStaticInit(java.lang.Object, java.lang.Object, long, java.lang.Object)'> (0x0000000702ac6c50) 
thrown [e:\jenkins\tmp\workspace\build\src\src\hotspot\share\interpreter\linkResolver.cpp, line 766]
Event: 4.387 Thread 0x000001ff34295b10 Exception <a 'java/lang/NoSuchMethodError'{0x0000000702ab92f8}: 'int java.lang.invoke.DirectMethodHandle$Holder.invokeStatic(java.lang.Object)'> (0x0000000702ab92f8) 
thrown [e:\jenkins\tmp\workspace\build\src\src\hotspot\share\interpreter\linkResolver.cpp, line 766]
Event: 4.387 Thread 0x000001ff344ad0d0 Exception <a 'java/lang/NoSuchMethodError'{0x0000000702accf80}: 'java.lang.Object java.lang.invoke.DirectMethodHandle$Holder.newInvokeSpecial(java.lang.Object, java.lang.Object, long)'> (0x0000000702accf80) 
thrown [e:\jenkins\tmp\workspace\build\src\src\hotspot\share\interpreter\linkResolver.cpp, line 766]
Event: 4.387 Thread 0x000001ff34295b10 Exception <a 'java/lang/NoSuchMethodError'{0x0000000702abca50}: 'int java.lang.invoke.DirectMethodHandle$Holder.invokeStaticInit(java.lang.Object)'> (0x0000000702abca50) 
thrown [e:\jenkins\tmp\workspace\build\src\src\hotspot\share\interpreter\linkResolver.cpp, line 766]
Event: 4.387 Thread 0x000001ff344ad0d0 Exception <a 'java/lang/NoSuchMethodError'{0x0000000702ad0b18}: 'java.lang.Object java.lang.invoke.Invokers$Holder.linkToTargetMethod(java.lang.Object, long, java.lang.Object)'> (0x0000000702ad0b18) 
thrown [e:\jenkins\tmp\workspace\build\src\src\hotspot\share\interpreter\linkResolver.cpp, line 766]
Event: 4.897 Thread 0x000001ff34295b10 Exception <a 'java/lang/NoSuchMethodError'{0x000000070fc92510}: 'java.lang.Object java.lang.invoke.Invokers$Holder.invoke_MT(java.lang.Object, java.lang.Object, java.lang.Object)'> (0x000000070fc92510) 
thrown [e:\jenkins\tmp\workspace\build\src\src\hotspot\share\interpreter\linkResolver.cpp, line 766]
Event: 4.967 Thread 0x000001ff34295b10 Exception <a 'java/lang/NoSuchMethodError'{0x0000000710b0afd8}: 'java.lang.Object java.lang.invoke.DirectMethodHandle$Holder.newInvokeSpecial(java.lang.Object, java.lang.Object, int)'> (0x0000000710b0afd8) 
thrown [e:\jenkins\tmp\workspace\build\src\src\hotspot\share\interpreter\linkResolver.cpp, line 766]
Event: 44.131 Thread 0x000001ff34392030 Exception <a 'java/lang/NoSuchMethodError'{0x0000000710a99e38}: 'void java.lang.invoke.DirectMethodHandle$Holder.invokeStatic(java.lang.Object, long)'> (0x0000000710a99e38) 
thrown [e:\jenkins\tmp\workspace\build\src\src\hotspot\share\interpreter\linkResolver.cpp, line 766]
Event: 44.131 Thread 0x000001ff34392030 Exception <a 'java/lang/NoSuchMethodError'{0x0000000710a9f2f8}: 'java.lang.Object java.lang.invoke.DirectMethodHandle$Holder.newInvokeSpecial(java.lang.Object, long)'> (0x0000000710a9f2f8) 
thrown [e:\jenkins\tmp\workspace\build\src\src\hotspot\share\interpreter\linkResolver.cpp, line 766]
Event: 50.106 Thread 0x000001ff3437ca90 Exception <a 'java/lang/NoSuchMethodError'{0x000000070fcec7d8}: 'java.lang.Object java.lang.invoke.DirectMethodHandle$Holder.invokeStatic(java.lang.Object, java.lang.Object, java.lang.Object, int, java.lang.Object, java.lang.Object)'> (0x000000070fcec7d8) 
thrown [e:\jenkins\tmp\workspace\build\src\src\hotspot\share\interpreter\linkResolver.cpp, line 766]

VM Operations (20 events):
Event: 2984.754 Executing VM operation: G1CollectFull done
Event: 2994.908 Executing VM operation: G1CollectFull
Event: 2994.922 Executing VM operation: G1CollectFull done
Event: 3005.081 Executing VM operation: G1CollectFull
Event: 3005.095 Executing VM operation: G1CollectFull done
Event: 3015.250 Executing VM operation: G1CollectFull
Event: 3015.264 Executing VM operation: G1CollectFull done
Event: 3025.433 Executing VM operation: G1CollectFull
Event: 3025.447 Executing VM operation: G1CollectFull done
Event: 3035.606 Executing VM operation: G1CollectFull
Event: 3035.620 Executing VM operation: G1CollectFull done
Event: 3045.779 Executing VM operation: G1CollectFull
Event: 3045.795 Executing VM operation: G1CollectFull done
Event: 3055.950 Executing VM operation: G1CollectFull
Event: 3055.963 Executing VM operation: G1CollectFull done
Event: 3066.140 Executing VM operation: G1CollectFull
Event: 3066.154 Executing VM operation: G1CollectFull done
Event: 3076.534 Executing VM operation: G1CollectFull
Event: 3076.549 Executing VM operation: G1CollectFull done
Event: 3087.246 Executing VM operation: G1CollectFull

Events (20 events):
Event: 50.127 Thread 0x000001ff34623220 Thread added: 0x000001ff34623220
Event: 110.323 Thread 0x000001ff344b89a0 Thread exited: 0x000001ff344b89a0
Event: 212.738 Thread 0x000001ff344b5030 Thread exited: 0x000001ff344b5030
Event: 272.739 Thread 0x000001ff344ad0d0 Thread exited: 0x000001ff344ad0d0
Event: 330.328 Thread 0x000001ff346223b0 Thread added: 0x000001ff346223b0
Event: 390.395 Thread 0x000001ff346223b0 Thread exited: 0x000001ff346223b0
Event: 475.189 Thread 0x000001ff34621a10 Thread added: 0x000001ff34621a10
Event: 535.594 Thread 0x000001ff34621a10 Thread exited: 0x000001ff34621a10
Event: 556.533 Thread 0x000001ff32605000 Thread added: 0x000001ff32605000
Event: 556.548 Thread 0x000001ff34225930 Thread added: 0x000001ff34225930
Event: 561.552 Thread 0x000001ff34225930 Thread exited: 0x000001ff34225930
Event: 566.585 Thread 0x000001ff32605000 Thread exited: 0x000001ff32605000
Event: 1926.837 Thread 0x000001ff3462c470 Thread added: 0x000001ff3462c470
Event: 1926.837 Thread 0x000001ff34216cd0 Thread added: 0x000001ff34216cd0
Event: 1932.075 Thread 0x000001ff3462c470 Thread exited: 0x000001ff3462c470
Event: 1932.075 Thread 0x000001ff34216cd0 Thread exited: 0x000001ff34216cd0
Event: 2569.439 Thread 0x000001ff3462c470 Thread added: 0x000001ff3462c470
Event: 2569.439 Thread 0x000001ff34216cd0 Thread added: 0x000001ff34216cd0
Event: 2574.455 Thread 0x000001ff34216cd0 Thread exited: 0x000001ff34216cd0
Event: 2574.458 Thread 0x000001ff3462c470 Thread exited: 0x000001ff3462c470


Dynamic libraries:
0x00007ff6db710000 - 0x00007ff6db71e000 	c:\Users\1111\.vscode\extensions\redhat.java-1.4.0\jre\17.0.2-win32-x86_64\bin\java.exe
0x00007ff8ecbf0000 - 0x00007ff8ecdcb000 	C:\Windows\SYSTEM32\ntdll.dll
0x00007ff8ea160000 - 0x00007ff8ea20e000 	C:\Windows\System32\KERNEL32.DLL
0x00007ff8e9430000 - 0x00007ff8e967a000 	C:\Windows\System32\KERNELBASE.dll
0x00007ff8e9730000 - 0x00007ff8e9826000 	C:\Windows\System32\ucrtbase.dll
0x00007ff8e3220000 - 0x00007ff8e3239000 	c:\Users\1111\.vscode\extensions\redhat.java-1.4.0\jre\17.0.2-win32-x86_64\bin\VCRUNTIME140.dll
0x00007ff8e32c0000 - 0x00007ff8e32d8000 	c:\Users\1111\.vscode\extensions\redhat.java-1.4.0\jre\17.0.2-win32-x86_64\bin\jli.dll
0x00007ff8ead30000 - 0x00007ff8eae7a000 	C:\Windows\System32\USER32.dll
0x00007ff8e92a0000 - 0x00007ff8e92be000 	C:\Windows\System32\win32u.dll
0x00007ff8d6a90000 - 0x00007ff8d6cf7000 	C:\Windows\WinSxS\amd64_microsoft.windows.common-controls_6595b64144ccf1df_6.0.15063.1155_none_40c7922129a7722b\COMCTL32.dll
0x00007ff8eac90000 - 0x00007ff8ead2d000 	C:\Windows\System32\msvcrt.dll
0x00007ff8eb0c0000 - 0x00007ff8eb0e7000 	C:\Windows\System32\GDI32.dll
0x00007ff8ea990000 - 0x00007ff8eac89000 	C:\Windows\System32\combase.dll
0x00007ff8e9110000 - 0x00007ff8e9298000 	C:\Windows\System32\gdi32full.dll
0x00007ff8eb580000 - 0x00007ff8eb6a5000 	C:\Windows\System32\RPCRT4.dll
0x00007ff8e9390000 - 0x00007ff8e942a000 	C:\Windows\System32\msvcp_win.dll
0x00007ff8e92c0000 - 0x00007ff8e932a000 	C:\Windows\System32\bcryptPrimitives.dll
0x00007ff8ea390000 - 0x00007ff8ea3bd000 	C:\Windows\System32\IMM32.DLL
0x00007ff8e32a0000 - 0x00007ff8e32ac000 	c:\Users\1111\.vscode\extensions\redhat.java-1.4.0\jre\17.0.2-win32-x86_64\bin\vcruntime140_1.dll
0x00007ff8d9430000 - 0x00007ff8d94c1000 	c:\Users\1111\.vscode\extensions\redhat.java-1.4.0\jre\17.0.2-win32-x86_64\bin\msvcp140.dll
0x00007ff8c2760000 - 0x00007ff8c33a7000 	c:\Users\1111\.vscode\extensions\redhat.java-1.4.0\jre\17.0.2-win32-x86_64\bin\server\jvm.dll
0x00007ff8ea2e0000 - 0x00007ff8ea381000 	C:\Windows\System32\ADVAPI32.dll
0x00007ff8eb510000 - 0x00007ff8eb569000 	C:\Windows\System32\sechost.dll
0x00007ff8ea150000 - 0x00007ff8ea158000 	C:\Windows\System32\PSAPI.DLL
0x00007ff8e6000000 - 0x00007ff8e6009000 	C:\Windows\SYSTEM32\WSOCK32.dll
0x00007ff8e7560000 - 0x00007ff8e7583000 	C:\Windows\SYSTEM32\WINMM.dll
0x00007ff8eae80000 - 0x00007ff8eaeec000 	C:\Windows\System32\WS2_32.dll
0x00007ff8e74e0000 - 0x00007ff8e750b000 	C:\Windows\SYSTEM32\WINMMBASE.dll
0x00007ff8ea100000 - 0x00007ff8ea149000 	C:\Windows\System32\cfgmgr32.dll
0x00007ff8df0d0000 - 0x00007ff8df0da000 	C:\Windows\SYSTEM32\VERSION.dll
0x00007ff8e9080000 - 0x00007ff8e9091000 	C:\Windows\System32\kernel.appcore.dll
0x00007ff8e3210000 - 0x00007ff8e321a000 	c:\Users\1111\.vscode\extensions\redhat.java-1.4.0\jre\17.0.2-win32-x86_64\bin\jimage.dll
0x00007ff8dc3f0000 - 0x00007ff8dc599000 	C:\Windows\SYSTEM32\DBGHELP.DLL
0x00007ff8dc0d0000 - 0x00007ff8dc0f9000 	C:\Windows\SYSTEM32\dbgcore.DLL
0x00007ff8e26d0000 - 0x00007ff8e26f5000 	c:\Users\1111\.vscode\extensions\redhat.java-1.4.0\jre\17.0.2-win32-x86_64\bin\java.dll
0x00007ff8e26b0000 - 0x00007ff8e26c8000 	c:\Users\1111\.vscode\extensions\redhat.java-1.4.0\jre\17.0.2-win32-x86_64\bin\zip.dll
0x00007ff8eb750000 - 0x00007ff8ecb88000 	C:\Windows\System32\SHELL32.dll
0x00007ff8ea800000 - 0x00007ff8ea8aa000 	C:\Windows\System32\shcore.dll
0x00007ff8e9830000 - 0x00007ff8e9f21000 	C:\Windows\System32\windows.storage.dll
0x00007ff8ecb90000 - 0x00007ff8ecbe1000 	C:\Windows\System32\shlwapi.dll
0x00007ff8e90c0000 - 0x00007ff8e910c000 	C:\Windows\System32\powrprof.dll
0x00007ff8e9060000 - 0x00007ff8e9075000 	C:\Windows\System32\profapi.dll
0x00007ff8e2630000 - 0x00007ff8e2649000 	C:\Users\1111\.vscode\extensions\redhat.java-1.4.0\jre\17.0.2-win32-x86_64\bin\net.dll
0x00007ff8dfc30000 - 0x00007ff8dfd06000 	C:\Windows\SYSTEM32\WINHTTP.dll
0x00007ff8e8910000 - 0x00007ff8e896c000 	C:\Windows\system32\mswsock.dll
0x00007ff8d9650000 - 0x00007ff8d9665000 	C:\Users\1111\.vscode\extensions\redhat.java-1.4.0\jre\17.0.2-win32-x86_64\bin\nio.dll
0x00007ff8e2bd0000 - 0x00007ff8e2be0000 	c:\Users\1111\.vscode\extensions\redhat.java-1.4.0\jre\17.0.2-win32-x86_64\bin\verify.dll
0x00007ff8e5ca0000 - 0x00007ff8e5ca9000 	C:\Users\1111\.vscode\extensions\redhat.java-1.4.0\jre\17.0.2-win32-x86_64\bin\management.dll
0x00007ff8e26a0000 - 0x00007ff8e26ab000 	C:\Users\1111\.vscode\extensions\redhat.java-1.4.0\jre\17.0.2-win32-x86_64\bin\management_ext.dll
0x00007ff8d8880000 - 0x00007ff8d8896000 	C:\Windows\system32\napinsp.dll
0x00007ff8d4780000 - 0x00007ff8d479a000 	C:\Windows\system32\pnrpnsp.dll
0x00007ff8e5f50000 - 0x00007ff8e5f68000 	C:\Windows\system32\NLAapi.dll
0x00007ff8e86f0000 - 0x00007ff8e8794000 	C:\Windows\SYSTEM32\DNSAPI.dll
0x00007ff8ea210000 - 0x00007ff8ea218000 	C:\Windows\System32\NSI.dll
0x00007ff8e86b0000 - 0x00007ff8e86e7000 	C:\Windows\SYSTEM32\IPHLPAPI.DLL
0x00007ff8e6070000 - 0x00007ff8e607e000 	C:\Windows\System32\winrnr.dll
0x00007ff8d47d0000 - 0x00007ff8d47e5000 	C:\Windows\System32\wshbth.dll
0x000000006ef70000 - 0x000000006ef96000 	C:\Program Files\Bonjour\mdnsNSP.dll
0x00007ff8df9d0000 - 0x00007ff8df9da000 	C:\Windows\System32\rasadhlp.dll
0x00007ff8e1940000 - 0x00007ff8e19ab000 	C:\Windows\System32\fwpuclnt.dll
0x00007ff8e8c20000 - 0x00007ff8e8c45000 	C:\Windows\SYSTEM32\bcrypt.dll
0x00007ff8e8b10000 - 0x00007ff8e8b27000 	C:\Windows\SYSTEM32\CRYPTSP.dll
0x00007ff8e8520000 - 0x00007ff8e8554000 	C:\Windows\system32\rsaenh.dll
0x00007ff8e8f90000 - 0x00007ff8e8fb9000 	C:\Windows\SYSTEM32\USERENV.dll
0x00007ff8e8b30000 - 0x00007ff8e8b3b000 	C:\Windows\SYSTEM32\CRYPTBASE.dll
0x00007ff8e4d40000 - 0x00007ff8e4d56000 	C:\Windows\SYSTEM32\dhcpcsvc6.DLL
0x00007ff8e4d20000 - 0x00007ff8e4d3a000 	C:\Windows\SYSTEM32\dhcpcsvc.DLL
0x00007ff8e1660000 - 0x00007ff8e1669000 	C:\Users\1111\.vscode\extensions\redhat.java-1.4.0\jre\17.0.2-win32-x86_64\bin\attach.dll

dbghelp: loaded successfully - version: 4.0.5 - missing functions: none
symbol engine: initialized successfully - sym options: 0x614 - pdb path: .;c:\Users\1111\.vscode\extensions\redhat.java-1.4.0\jre\17.0.2-win32-x86_64\bin;C:\Windows\SYSTEM32;C:\Windows\WinSxS\amd64_microsoft.windows.common-controls_6595b64144ccf1df_6.0.15063.1155_none_40c7922129a7722b;c:\Users\1111\.vscode\extensions\redhat.java-1.4.0\jre\17.0.2-win32-x86_64\bin\server;C:\Program Files\Bonjour

VM Arguments:
jvm_args: -Dsts.lsp.client=vscode -Dsts.log.file=/dev/null -XX:TieredStopAtLevel=1 -Dspring.config.location=file:c:\Users\1111\.vscode\extensions\pivotal.vscode-spring-boot-1.32.0\language-server\BOOT-INF\classes\application.properties 
java_command: org.springframework.ide.vscode.boot.app.BootLanguageServerBootApp
java_class_path (initial): c:\Users\1111\.vscode\extensions\pivotal.vscode-spring-boot-1.32.0\language-server\BOOT-INF\classes;c:\Users\1111\.vscode\extensions\pivotal.vscode-spring-boot-1.32.0\language-server\BOOT-INF\lib\antlr4-runtime-4.5.3.jar;c:\Users\1111\.vscode\extensions\pivotal.vscode-spring-boot-1.32.0\language-server\BOOT-INF\lib\byte-buddy-1.10.18.jar;c:\Users\1111\.vscode\extensions\pivotal.vscode-spring-boot-1.32.0\language-server\BOOT-INF\lib\commons-codec-1.14.jar;c:\Users\1111\.vscode\extensions\pivotal.vscode-spring-boot-1.32.0\language-server\BOOT-INF\lib\commons-io-2.4.jar;c:\Users\1111\.vscode\extensions\pivotal.vscode-spring-boot-1.32.0\language-server\BOOT-INF\lib\commons-java-1.32.0-SNAPSHOT.jar;c:\Users\1111\.vscode\extensions\pivotal.vscode-spring-boot-1.32.0\language-server\BOOT-INF\lib\commons-lang3-3.10.jar;c:\Users\1111\.vscode\extensions\pivotal.vscode-spring-boot-1.32.0\language-server\BOOT-INF\lib\commons-language-server-1.32.0-SNAPSHOT.jar;c:\Users\1111\.vscode\extensions\pivotal.vscode-spring-boot-1.32.0\language-server\BOOT-INF\lib\commons-lsp-extensions-1.32.0-SNAPSHOT.jar;c:\Users\1111\.vscode\extensions\pivotal.vscode-spring-boot-1.32.0\language-server\BOOT-INF\lib\commons-util-1.32.0-SNAPSHOT.jar;c:\Users\1111\.vscode\extensions\pivotal.vscode-spring-boot-1.32.0\language-server\BOOT-INF\lib\commons-yaml-1.32.0-SNAPSHOT.jar;c:\Users\1111\.vscode\extensions\pivotal.vscode-spring-boot-1.32.0\language-server\BOOT-INF\lib\gson-2.8.6.jar;c:\Users\1111\.vscode\extensions\pivotal.vscode-spring-boot-1.32.0\language-server\BOOT-INF\lib\guava-19.0.jar;c:\Users\1111\.vscode\extensions\pivotal.vscode-spring-boot-1.32.0\language-server\BOOT-INF\lib\jakarta.annotation-api-1.3.5.jar;c:\Users\1111\.vscode\extensions\pivotal.vscode-spring-boot-1.32.0\language-server\BOOT-INF\lib\jandex-2.0.5.Final.jar;c:\Users\1111\.vscode\extensions\pivotal.vscode-spring-boot-1.32.0\language-server\BOOT-INF\lib\java-properties-1.32.0-SNAPSHOT.jar;c:\Users\1
Launcher Type: SUN_STANDARD

[Global flags]
     intx CICompilerCount                          = 3                                         {product} {ergonomic}
     uint ConcGCThreads                            = 1                                         {product} {ergonomic}
     uint G1ConcRefinementThreads                  = 4                                         {product} {ergonomic}
   size_t G1HeapRegionSize                         = 2097152                                   {product} {ergonomic}
    uintx GCDrainStackTargetSize                   = 64                                        {product} {ergonomic}
   size_t InitialHeapSize                          = 268435456                                 {product} {ergonomic}
   size_t MarkStackSize                            = 4194304                                   {product} {ergonomic}
   size_t MaxHeapSize                              = 4282384384                                {product} {ergonomic}
   size_t MaxNewSize                               = 2569011200                                {product} {ergonomic}
   size_t MinHeapDeltaBytes                        = 2097152                                   {product} {ergonomic}
   size_t MinHeapSize                              = 8388608                                   {product} {ergonomic}
    uintx NonProfiledCodeHeapSize                  = 0                                      {pd product} {ergonomic}
     bool ProfileInterpreter                       = false                                  {pd product} {command line}
    uintx ProfiledCodeHeapSize                     = 0                                      {pd product} {ergonomic}
   size_t SoftMaxHeapSize                          = 4282384384                             {manageable} {ergonomic}
     intx TieredStopAtLevel                        = 1                                         {product} {command line}
     bool UseCompressedClassPointers               = true                           {product lp64_product} {ergonomic}
     bool UseCompressedOops                        = true                           {product lp64_product} {ergonomic}
     bool UseG1GC                                  = true                                      {product} {ergonomic}
     bool UseLargePagesIndividualAllocation        = false                                  {pd product} {ergonomic}

Logging:
Log output configuration:
 #0: stdout all=warning uptime,level,tags
 #1: stderr all=off uptime,level,tags

Environment Variables:
JAVA_HOME=C:\Program Files\OpenJDK\openjdk-11.0.12_7
PATH=C:\Python310\Scripts\;C:\Python310\;C:\Program Files\Eclipse Foundation\jdk-11.0.12.7-hotspot\bin;C:\Windows\system32;C:\Windows;C:\Windows\System32\Wbem;C:\Windows\System32\WindowsPowerShell\v1.0\;C:\Program Files\Git\cmd;C:\xampp\php;C:\ProgramData\ComposerSetup\bin;C:\ProgramData\chocolatey\bin;;C:\Program Files\PuTTY\;C:\Program Files\nodejs\;C:\Program Files\OpenJDK\openjdk-11.0.12_7\bin;C:\ProgramData\chocolatey\lib\maven\apache-maven-3.8.3\bin;C:\Program Files\LLVM\bin;;C:\Program Files\Docker\Docker\resources\bin;C:\ProgramData\DockerDesktop\version-bin;C:\Users\1111\AppData\Local\Microsoft\WindowsApps;C:\Users\1111\AppData\Local\Programs\Microsoft VS Code\bin;C:\Users\1111\AppData\Roaming\Composer\vendor\bin;C:\Users\1111\.deno\bin;C:\Users\1111\AppData\Roaming\npm;C:\Program Files\heroku\bin;C:\Users\1111\AppData\Local\Google\Cloud SDK\google-cloud-sdk\bin;C:\Program Files (x86)\Nmap
USERNAME=1111
OS=Windows_NT
PROCESSOR_IDENTIFIER=Intel64 Family 6 Model 158 Stepping 11, GenuineIntel



---------------  S Y S T E M  ---------------

OS:
 Windows 10 , 64 bit Build 15063 (10.0.15063.1058)
OS uptime: 5 days 21:28 hours
Hyper-V role detected

CPU: total 4 (initial active 4) (4 cores per cpu, 1 threads per core) family 6 model 158 stepping 11 microcode 0xaa, cx8, cmov, fxsr, mmx, 3dnowpref, sse, sse2, sse3, ssse3, sse4.1, sse4.2, popcnt, lzcnt, tsc, tscinvbit, avx, avx2, aes, erms, clmul, bmi1, bmi2, adx, fma, vzeroupper, clflush, clflushopt, hv

Memory: 4k page, system-wide physical 16332M (705M free)
TotalPageFile size 23891M (AvailPageFile size 5M)
current process WorkingSet (physical memory assigned to process): 60M, peak: 127M
current process commit charge ("private bytes"): 149M, peak: 354M

vm_info: OpenJDK 64-Bit Server VM (17.0.2+8) for windows-amd64 JRE (17.0.2+8), built on Jan 20 2022 04:52:34 by "" with MS VC++ 16.7 (VS2019)

END.
